<?xml version="1.0" encoding="UTF-8"?>
<testng-results total="2" passed="2" failed="0" skipped="0">
  <reporter-output>
  </reporter-output>
  <suite started-at="2024-08-08T14:35:45Z" name="Test Suite for Buildout" finished-at="2024-08-08T14:36:07Z" duration-ms="21996">
    <groups>
    </groups>
    <test started-at="2024-08-08T14:35:45Z" name="Test Cases for Buildout" finished-at="2024-08-08T14:36:07Z" duration-ms="21996">
      <class name="demo.TestCases">
        <test-method is-config="true" signature="startBrowser()[pri:0, instance:demo.TestCases@dfddc9a]" started-at="2024-08-08T20:05:45Z" name="startBrowser" finished-at="2024-08-08T20:05:48Z" duration-ms="3245" status="PASS">
          <reporter-output>
          </reporter-output>
        </test-method> <!-- startBrowser -->
        <test-method signature="testCase01()[pri:0, instance:demo.TestCases@dfddc9a]" started-at="2024-08-08T20:05:48Z" name="testCase01" description="Go to this website and click on &#039;Hockey Teams: Forms, Searching and Pagination&#039;" finished-at="2024-08-08T20:06:01Z" duration-ms="12800" status="PASS">
          <reporter-output>
          </reporter-output>
        </test-method> <!-- testCase01 -->
        <test-method signature="testCase02()[pri:1, instance:demo.TestCases@dfddc9a]" started-at="2024-08-08T20:06:01Z" name="testCase02" description="Go to this website and click on &#039;Oscar Winning Films&#039;" finished-at="2024-08-08T20:06:06Z" duration-ms="4880" status="PASS">
          <reporter-output>
          </reporter-output>
        </test-method> <!-- testCase02 -->
        <test-method is-config="true" signature="endTest()[pri:0, instance:demo.TestCases@dfddc9a]" started-at="2024-08-08T20:06:06Z" name="endTest" finished-at="2024-08-08T20:06:07Z" duration-ms="1055" status="PASS">
          <reporter-output>
          </reporter-output>
        </test-method> <!-- endTest -->
      </class> <!-- demo.TestCases -->
    </test> <!-- Test Cases for Buildout -->
  </suite> <!-- Test Suite for Buildout -->
</testng-results>
